<?xml version="1.0" encoding="UTF-8"?>
<!-- Generated by org.testng.reporters.JUnitReportReporter -->
<testsuite skipped="0" hostname="LAPTOP-UE7SQ0FV" name="DemoOpenApplication.NewTest" tests="1" failures="0" timestamp="2022-03-06T01:59:21 IST" time="29.973" errors="0">
  <testcase name="f" time="29.973" classname="DemoOpenApplication.NewTest"/>
  <system-out/>
</testsuite> <!-- DemoOpenApplication.NewTest -->
