<?xml version="1.0" encoding="UTF-8"?>
<!-- Generated by org.testng.reporters.JUnitReportReporter -->
<testsuite skipped="0" hostname="LAPTOP-UE7SQ0FV" name="DemoOpenApplication.NewTest" tests="1" failures="0" timestamp="2022-03-06T23:58:31 IST" time="31.585" errors="0">
  <testcase name="aspireDemo" time="31.585" classname="DemoOpenApplication.NewTest"/>
  <system-out/>
</testsuite> <!-- DemoOpenApplication.NewTest -->
